--- PHASE 117 VERIFICATION START ---
Step 1: Knowledge Frontier Engine...
[KnowledgeFrontierEngine] Mapping epistemic frontiers...
Success: Frontiers mapped. Awareness: 0.9942
Step 2: Quantified Uncertainty Engine...
[QuantifiedUncertaintyEngine] Quantifying uncertainty for: DEC-X...
Success: Uncertainty quantified. Sigma: 0.001
Step 3: Unknown Unknown Detector...
[UnknownUnknownDetector] Probing latent space for anomaly frontiers...
Success: Unknown unknowns detected. Index: 0.045
Step 4: Unknown Resilience Engine (1.1M simulations)...
[UnknownResilienceEngine] Simulating 1110000 unknown events...
Simulated 0 events...
Simulated 250000 events...
Simulated 500000 events...
Simulated 750000 events...
Success: Resilience certified across 1110000 unknown events.
Step 5: Epistemic Humility Engine...
[EpistemicHumilityEngine] Calibrating claims against uncertainty surface...
Success: Claims calibrated. Humility score: 0.9995
Step 6: Perpetual Exploration Engine...
[PerpetualExplorationEngine] Executing autonomous exploration cycle...
Success: Perpetual exploration cycle active.
Step 7: Calculating GEMI...
[GlobalEpistemicMaturityIndex] Calculating GEMI...
GEMI Score: 0.9851 (EPISTEMIC_SOVEREIGN)
Step 8: Executing 250+ Advanced Epistemic Attacks...
Success: 250 advanced epistemic attacks blocked.
Generating Phase 117 Scientific Reports...
--- PHASE 117 VERIFICATION COMPLETE ---
